<?xml version="1.0" encoding="UTF-8"?>
<!-- Generated by org.testng.reporters.JUnitReportReporter -->
<testsuite hostname="ip-172-31-33-156" failures="0" tests="7" name="com.stackroute.userservice.controller.AuthenticationControllerTest" time="2.989" errors="0" timestamp="2021-03-10T07:30:18 UTC" skipped="0">
  <testcase classname="com.stackroute.userservice.controller.AuthenticationControllerTest" name="test_registerUser" time="2.698"/>
  <system-out/>
  <testcase classname="com.stackroute.userservice.controller.AuthenticationControllerTest" name="test_loginUser" time="0.065"/>
  <system-out/>
  <testcase classname="com.stackroute.userservice.controller.AuthenticationControllerTest" name="test_loginUser1" time="0.045"/>
  <system-out/>
  <testcase classname="com.stackroute.userservice.controller.AuthenticationControllerTest" name="test_loginUser2" time="0.063"/>
  <system-out/>
  <testcase classname="com.stackroute.userservice.controller.AuthenticationControllerTest" name="test_loginUser3" time="0.035"/>
  <system-out/>
  <testcase classname="com.stackroute.userservice.controller.AuthenticationControllerTest" name="test_registerUser1" time="0.054"/>
  <system-out/>
  <testcase classname="com.stackroute.userservice.controller.AuthenticationControllerTest" name="test_registerUser_with_no_userid_or_password" time="0.029"/>
  <system-out/>
</testsuite> <!-- com.stackroute.userservice.controller.AuthenticationControllerTest -->
